<?xml version="1.0" encoding="UTF-8"?>
<!-- Generated by org.testng.reporters.JUnitReportReporter -->
<testsuite skipped="0" hostname="DESKTOP-UF5UUHO" name="testCases.CPA001_BuscarGoogle" tests="4" failures="0" timestamp="26 ago 2020 19:26:21 GMT" time="3.091" errors="0">
  <testcase name="test2" time="0.002" classname="testCases.CPA001_BuscarGoogle"/>
  <testcase name="testParameterWithXML" time="1.580" classname="testCases.CPA001_BuscarGoogle"/>
  <testcase name="testParameterWithXML" time="1.508" classname="testCases.CPA001_BuscarGoogle"/>
  <testcase name="test2" time="0.001" classname="testCases.CPA001_BuscarGoogle"/>
</testsuite> <!-- testCases.CPA001_BuscarGoogle -->
